2026-01-29 15:14:30,029 - INFO - starting
	executable :C:\Program Files\Google\Chrome\Application\chrome.exe

arguments:
--remote-allow-origins=*
	--no-first-run
	--no-service-autorun
	--no-default-browser-check
	--homepage=about:blank
	--no-pings
	--password-store=basic
	--disable-infobars
	--disable-breakpad
	--disable-dev-shm-usage
	--disable-session-crashed-bubble
	--disable-search-engine-choice-screen
	--user-data-dir=C:\Users\JEWIGG~1\AppData\Local\Temp\uc_xbrsu7xk
	--disable-session-crashed-bubble
	--disable-features=IsolateOrigins,site-per-process
	--start-maximized
	--remote-debugging-host=127.0.0.1
	--remote-debugging-port=60520
2026-01-29 15:14:30,911 - INFO - enabling autodiscover targets
2026-01-29 15:14:36,102 - INFO - Scraper Initialized. Output: duval_sales_strict_2025.csv
2026-01-29 15:14:36,575 - INFO - Processing Date: Wednesday January 15, 2025
2026-01-29 15:14:36,835 - INFO -    Page 1 of 5
2026-01-29 15:14:36,902 - INFO -    -> Clicking Next Page (Inner)...
2026-01-29 15:14:39,759 - INFO -    Page 2 of 5
2026-01-29 15:14:39,928 - INFO -    -> Clicking Next Page (Inner)...
2026-01-29 15:14:44,234 - INFO -    Page 3 of 5
2026-01-29 15:14:44,272 - INFO -    -> Clicking Next Page (Inner)...
2026-01-29 15:14:49,004 - INFO -    Page 4 of 5
2026-01-29 15:14:49,052 - INFO -    -> Clicking Next Page (Inner)...
2026-01-29 15:14:52,701 - INFO -    Page 5 of 5
2026-01-29 15:14:52,797 - INFO - Moving to Next Auction Date...
2026-01-29 15:14:53,518 - INFO - Processing Date: Wednesday August 13, 2025
2026-01-29 15:14:53,699 - INFO -    Page 1 of 2
2026-01-29 15:14:53,751 - INFO -    -> Clicking Next Page (Inner)...
2026-01-29 15:14:57,836 - INFO -    Page 2 of 2
2026-01-29 15:14:57,927 - INFO - Moving to Next Auction Date...
2026-01-29 15:14:58,684 - INFO - Processing Date: Wednesday September 10, 2025
2026-01-29 15:14:58,844 - INFO -    Page 1 of 17
2026-01-29 15:14:58,909 - INFO -    -> Clicking Next Page (Inner)...
2026-01-29 15:15:02,810 - INFO -    Page 2 of 17
2026-01-29 15:15:02,875 - INFO -    -> Clicking Next Page (Inner)...
2026-01-29 15:15:06,672 - INFO -    Page 3 of 17
2026-01-29 15:15:06,721 - INFO -    -> Clicking Next Page (Inner)...
2026-01-29 15:15:10,918 - INFO -    Page 4 of 17
2026-01-29 15:15:10,975 - INFO -    -> Clicking Next Page (Inner)...
2026-01-29 15:15:14,740 - INFO -    Page 5 of 17
2026-01-29 15:15:14,804 - INFO -    -> Clicking Next Page (Inner)...
2026-01-29 15:15:19,016 - INFO -    Page 6 of 17
2026-01-29 15:15:19,061 - INFO -    -> Clicking Next Page (Inner)...
2026-01-29 15:15:22,927 - INFO -    Page 7 of 17
2026-01-29 15:15:23,033 - INFO -    -> Clicking Next Page (Inner)...
2026-01-29 15:15:26,834 - INFO -    Page 8 of 17
2026-01-29 15:15:26,931 - INFO -    -> Clicking Next Page (Inner)...
2026-01-29 15:15:31,281 - INFO -    Page 9 of 17
2026-01-29 15:15:31,379 - INFO -    -> Clicking Next Page (Inner)...
2026-01-29 15:15:36,329 - INFO -    Page 10 of 17
2026-01-29 15:15:36,424 - INFO -    -> Clicking Next Page (Inner)...
2026-01-29 15:15:40,769 - INFO -    Page 11 of 17
2026-01-29 15:15:40,878 - INFO -    -> Clicking Next Page (Inner)...
2026-01-29 15:15:45,123 - INFO -    Page 12 of 17
2026-01-29 15:15:45,182 - INFO -    -> Clicking Next Page (Inner)...
2026-01-29 15:15:48,841 - INFO -    Page 13 of 17
2026-01-29 15:15:48,919 - INFO -    -> Clicking Next Page (Inner)...
2026-01-29 15:15:53,664 - INFO -    Page 14 of 17
2026-01-29 15:15:53,779 - INFO -    -> Clicking Next Page (Inner)...
2026-01-29 15:15:58,084 - INFO -    Page 15 of 17
2026-01-29 15:15:58,158 - INFO -    -> Clicking Next Page (Inner)...
2026-01-29 15:16:01,899 - INFO -    Page 16 of 17
2026-01-29 15:16:01,963 - INFO -    -> Clicking Next Page (Inner)...
2026-01-29 15:16:06,168 - INFO -    Page 17 of 17
2026-01-29 15:16:06,260 - INFO - Moving to Next Auction Date...
2026-01-29 15:16:06,938 - INFO - Processing Date: Wednesday September 24, 2025
2026-01-29 15:16:07,079 - INFO -    Page 1 of 1
2026-01-29 15:16:07,201 - INFO - Moving to Next Auction Date...
2026-01-29 15:16:07,938 - INFO - Processing Date: Wednesday October 15, 2025
2026-01-29 15:16:08,167 - INFO -    Page 1 of 30
2026-01-29 15:16:08,240 - INFO -    -> Clicking Next Page (Inner)...
2026-01-29 15:16:11,849 - INFO -    Page 2 of 30
2026-01-29 15:16:11,895 - INFO -    -> Clicking Next Page (Inner)...
2026-01-29 15:16:16,124 - INFO -    Page 3 of 30
2026-01-29 15:16:16,162 - INFO -    -> Clicking Next Page (Inner)...
2026-01-29 15:16:19,905 - INFO -    Page 4 of 30
2026-01-29 15:16:20,015 - INFO -    -> Clicking Next Page (Inner)...
2026-01-29 15:16:23,772 - INFO -    Page 5 of 30
2026-01-29 15:16:23,839 - INFO -    -> Clicking Next Page (Inner)...
2026-01-29 15:16:28,162 - INFO -    Page 6 of 30
2026-01-29 15:16:28,223 - INFO -    -> Clicking Next Page (Inner)...
2026-01-29 15:16:32,113 - INFO -    Page 7 of 30
2026-01-29 15:16:32,157 - INFO -    -> Clicking Next Page (Inner)...
2026-01-29 15:16:35,970 - INFO -    Page 8 of 30
2026-01-29 15:16:36,041 - INFO -    -> Clicking Next Page (Inner)...
2026-01-29 15:16:39,921 - INFO -    Page 9 of 30
2026-01-29 15:16:39,979 - INFO -    -> Clicking Next Page (Inner)...
2026-01-29 15:16:43,791 - INFO -    Page 10 of 30
2026-01-29 15:16:43,888 - INFO -    -> Clicking Next Page (Inner)...
2026-01-29 15:16:48,126 - INFO -    Page 11 of 30
2026-01-29 15:16:48,203 - INFO -    -> Clicking Next Page (Inner)...
2026-01-29 15:16:51,876 - INFO -    Page 12 of 30
2026-01-29 15:16:51,960 - INFO -    -> Clicking Next Page (Inner)...
2026-01-29 15:16:56,149 - INFO -    Page 13 of 30
2026-01-29 15:16:56,198 - INFO -    -> Clicking Next Page (Inner)...
2026-01-29 15:16:59,929 - INFO -    Page 14 of 30
2026-01-29 15:16:59,974 - INFO -    -> Clicking Next Page (Inner)...
2026-01-29 15:17:04,194 - INFO -    Page 15 of 30
2026-01-29 15:17:04,254 - INFO -    -> Clicking Next Page (Inner)...
2026-01-29 15:17:08,053 - INFO -    Page 16 of 30
2026-01-29 15:17:08,108 - INFO -    -> Clicking Next Page (Inner)...
2026-01-29 15:17:11,967 - INFO -    Page 17 of 30
2026-01-29 15:17:12,040 - INFO -    -> Clicking Next Page (Inner)...
2026-01-29 15:17:15,952 - INFO -    Page 18 of 30
2026-01-29 15:17:16,032 - INFO -    -> Clicking Next Page (Inner)...
2026-01-29 15:17:20,342 - INFO -    Page 19 of 30
2026-01-29 15:17:20,389 - INFO -    -> Clicking Next Page (Inner)...
2026-01-29 15:17:25,272 - INFO -    Page 20 of 30
2026-01-29 15:17:25,336 - INFO -    -> Clicking Next Page (Inner)...
2026-01-29 15:17:30,131 - INFO -    Page 21 of 30
2026-01-29 15:17:30,175 - INFO -    -> Clicking Next Page (Inner)...
2026-01-29 15:17:33,976 - INFO -    Page 22 of 30
2026-01-29 15:17:34,021 - INFO -    -> Clicking Next Page (Inner)...
2026-01-29 15:17:37,701 - INFO -    Page 23 of 30
2026-01-29 15:17:37,770 - INFO -    -> Clicking Next Page (Inner)...
2026-01-29 15:17:41,963 - INFO -    Page 24 of 30
2026-01-29 15:17:42,024 - INFO -    -> Clicking Next Page (Inner)...
2026-01-29 15:17:46,177 - INFO -    Page 25 of 30
2026-01-29 15:17:46,205 - INFO -    -> Clicking Next Page (Inner)...
2026-01-29 15:17:49,788 - INFO -    Page 26 of 30
2026-01-29 15:17:49,853 - INFO -    -> Clicking Next Page (Inner)...
2026-01-29 15:17:50,625 - INFO -    Page 27 of 30
2026-01-29 15:17:50,697 - INFO -    -> Clicking Next Page (Inner)...
2026-01-29 15:17:51,426 - INFO -    Page 28 of 30
2026-01-29 15:17:51,503 - INFO -    -> Clicking Next Page (Inner)...
2026-01-29 15:17:52,332 - INFO -    Page 29 of 30
2026-01-29 15:17:52,368 - INFO -    -> Clicking Next Page (Inner)...
2026-01-29 15:17:52,983 - INFO -    Page 30 of 30
2026-01-29 15:17:53,051 - INFO - Moving to Next Auction Date...
2026-01-29 15:17:53,750 - INFO - Processing Date: Wednesday October 29, 2025
2026-01-29 15:17:53,827 - INFO -    Page 1 of 1
2026-01-29 15:17:53,919 - INFO - Moving to Next Auction Date...
2026-01-29 15:17:54,707 - INFO - Processing Date: Wednesday January 14, 2026
2026-01-29 15:17:54,857 - INFO -    Page 1 of 11
2026-01-29 15:17:54,914 - INFO -    -> Clicking Next Page (Inner)...
2026-01-29 15:17:59,224 - INFO -    Page 2 of 11
2026-01-29 15:17:59,268 - INFO -    -> Clicking Next Page (Inner)...
2026-01-29 15:18:02,953 - INFO -    Page 3 of 11
2026-01-29 15:18:02,999 - INFO -    -> Clicking Next Page (Inner)...
2026-01-29 15:18:07,142 - INFO -    Page 4 of 11
2026-01-29 15:18:07,191 - INFO -    -> Clicking Next Page (Inner)...
2026-01-29 15:18:10,334 - INFO -    Page 5 of 11
2026-01-29 15:18:10,421 - INFO -    -> Clicking Next Page (Inner)...
2026-01-29 15:18:11,207 - INFO -    Page 6 of 11
2026-01-29 15:18:11,298 - INFO -    -> Clicking Next Page (Inner)...
2026-01-29 15:18:12,221 - INFO -    Page 7 of 11
2026-01-29 15:18:12,289 - INFO -    -> Clicking Next Page (Inner)...
2026-01-29 15:18:13,077 - INFO -    Page 8 of 11
2026-01-29 15:18:13,134 - INFO -    -> Clicking Next Page (Inner)...
2026-01-29 15:18:14,071 - INFO -    Page 9 of 11
2026-01-29 15:18:14,134 - INFO -    -> Clicking Next Page (Inner)...
2026-01-29 15:18:14,970 - INFO -    Page 10 of 11
2026-01-29 15:18:15,049 - INFO -    -> Clicking Next Page (Inner)...
2026-01-29 15:18:15,853 - INFO -    Page 11 of 11
2026-01-29 15:18:15,958 - INFO - Moving to Next Auction Date...
2026-01-29 15:18:16,689 - INFO - Processing Date: Wednesday January 28, 2026
2026-01-29 15:18:16,863 - INFO -    Page 1 of 1
2026-01-29 15:18:16,989 - INFO - Moving to Next Auction Date...
2026-01-29 15:18:17,801 - INFO - Processing Date: Wednesday February 11, 2026
2026-01-29 15:18:17,981 - INFO -    Page 1 of 1
2026-01-29 15:18:18,114 - INFO - Moving to Next Auction Date...
2026-01-29 15:18:18,909 - INFO - Processing Date: Wednesday March 11, 2026
2026-01-29 15:18:19,032 - INFO -    Page 1 of 1
2026-01-29 15:18:19,120 - INFO - Moving to Next Auction Date...
2026-01-29 15:18:19,882 - INFO - Processing Date: Wednesday April 15, 2026
2026-01-29 15:18:20,089 - INFO -    Page 1 of 1
2026-01-29 15:18:23,530 - INFO - No 'Next Auction' button found. Process complete.
2026-01-29 15:18:23,531 - INFO - Scraping complete!
2026-01-29 15:18:23,535 - INFO - terminated browser with pid 18292 successfully
2026-01-29 15:18:36,501 - INFO - terminated browser with pid 18292 successfully
