2026-01-29 16:32:30,749 - INFO - starting
	executable :C:\Program Files\Google\Chrome\Application\chrome.exe

arguments:
--remote-allow-origins=*
	--no-first-run
	--no-service-autorun
	--no-default-browser-check
	--homepage=about:blank
	--no-pings
	--password-store=basic
	--disable-infobars
	--disable-breakpad
	--disable-dev-shm-usage
	--disable-session-crashed-bubble
	--disable-search-engine-choice-screen
	--user-data-dir=C:\Users\JEWIGG~1\AppData\Local\Temp\uc_x7a4u8g7
	--disable-session-crashed-bubble
	--disable-features=IsolateOrigins,site-per-process
	--start-maximized
	--remote-debugging-host=127.0.0.1
	--remote-debugging-port=60805
2026-01-29 16:32:31,190 - INFO - enabling autodiscover targets
2026-01-29 16:32:32,302 - INFO - Scraper Initialized. Output: tax_sales_2026-01-29.csv
2026-01-29 16:32:32,302 - INFO - 
==================================================
2026-01-29 16:32:32,302 - INFO - Processing County: Duval
2026-01-29 16:32:32,303 - INFO - ==================================================
2026-01-29 16:32:32,303 - INFO - Navigating to calendar page...
2026-01-29 16:32:36,044 - INFO - Scanning calendar: January 2025
2026-01-29 16:32:36,289 - INFO -    Found auction date: 01/15/2025
2026-01-29 16:32:36,296 - INFO -    Found auction date: 01/29/2025
2026-01-29 16:32:36,885 - INFO -    -> Clicking Next Month... (attempt 1/3)
2026-01-29 16:32:38,095 - INFO - Scanning calendar: February 2025
2026-01-29 16:32:38,147 - INFO -    Found auction date: 02/12/2025
2026-01-29 16:32:38,152 - INFO -    Found auction date: 02/26/2025
2026-01-29 16:32:38,714 - INFO -    -> Clicking Next Month... (attempt 1/3)
2026-01-29 16:32:39,908 - INFO - Scanning calendar: March 2025
2026-01-29 16:32:39,964 - INFO -    Found auction date: 03/12/2025
2026-01-29 16:32:40,528 - INFO -    -> Clicking Next Month... (attempt 1/3)
2026-01-29 16:32:41,657 - INFO - Scanning calendar: April 2025
2026-01-29 16:32:41,702 - INFO -    Found auction date: 04/16/2025
2026-01-29 16:32:42,246 - INFO -    -> Clicking Next Month... (attempt 1/3)
2026-01-29 16:32:43,437 - INFO - Scanning calendar: May 2025
2026-01-29 16:32:43,484 - INFO -    Found auction date: 05/14/2025
2026-01-29 16:32:43,487 - INFO -    Found auction date: 05/28/2025
2026-01-29 16:32:44,030 - INFO -    -> Clicking Next Month... (attempt 1/3)
2026-01-29 16:32:45,159 - INFO - Scanning calendar: June 2025
2026-01-29 16:32:45,214 - INFO -    Found auction date: 06/11/2025
2026-01-29 16:32:45,217 - INFO -    Found auction date: 06/25/2025
2026-01-29 16:32:45,796 - INFO -    -> Clicking Next Month... (attempt 1/3)
2026-01-29 16:32:46,932 - INFO - Scanning calendar: July 2025
2026-01-29 16:32:46,982 - INFO -    Found auction date: 07/16/2025
2026-01-29 16:32:47,531 - INFO -    -> Clicking Next Month... (attempt 1/3)
2026-01-29 16:32:48,662 - INFO - Scanning calendar: August 2025
2026-01-29 16:32:48,709 - INFO -    Found auction date: 08/13/2025
2026-01-29 16:32:49,264 - INFO -    -> Clicking Next Month... (attempt 1/3)
2026-01-29 16:32:50,387 - INFO - Scanning calendar: September 2025
2026-01-29 16:32:50,434 - INFO -    Found auction date: 09/10/2025
2026-01-29 16:32:50,436 - INFO -    Found auction date: 09/24/2025
2026-01-29 16:32:50,965 - INFO -    -> Clicking Next Month... (attempt 1/3)
2026-01-29 16:32:52,075 - INFO - Scanning calendar: October 2025
2026-01-29 16:32:52,125 - INFO -    Found auction date: 10/15/2025
2026-01-29 16:32:52,129 - INFO -    Found auction date: 10/29/2025
2026-01-29 16:32:52,680 - INFO -    -> Clicking Next Month... (attempt 1/3)
2026-01-29 16:32:53,790 - INFO - Scanning calendar: November 2025
2026-01-29 16:32:57,790 - INFO -    -> Clicking Next Month... (attempt 1/3)
2026-01-29 16:32:58,898 - INFO - Scanning calendar: December 2025
2026-01-29 16:33:02,888 - INFO -    -> Clicking Next Month... (attempt 1/3)
2026-01-29 16:33:04,012 - INFO - Scanning calendar: January 2026
2026-01-29 16:33:04,068 - INFO -    Found auction date: 01/14/2026
2026-01-29 16:33:04,071 - INFO -    Found auction date: 01/28/2026
2026-01-29 16:33:04,630 - INFO -    -> Clicking Next Month... (attempt 1/3)
2026-01-29 16:33:05,760 - INFO - Scanning calendar: February 2026
2026-01-29 16:33:05,801 - INFO -    Found auction date: 02/11/2026
2026-01-29 16:33:06,349 - INFO -    -> Clicking Next Month... (attempt 1/3)
2026-01-29 16:33:07,478 - INFO - Scanning calendar: March 2026
2026-01-29 16:33:07,530 - INFO -    Found auction date: 03/11/2026
2026-01-29 16:33:08,080 - INFO -    -> Clicking Next Month... (attempt 1/3)
2026-01-29 16:33:09,187 - INFO - Scanning calendar: April 2026
2026-01-29 16:33:09,246 - INFO -    Found auction date: 04/15/2026
2026-01-29 16:33:09,813 - INFO -    -> Clicking Next Month... (attempt 1/3)
2026-01-29 16:33:10,948 - INFO - Scanning calendar: May 2026
2026-01-29 16:33:14,384 - INFO - No auction days found and calendar (May 2026) is beyond current month. Stopping calendar scan.
2026-01-29 16:33:14,385 - INFO - Calendar scan complete. Found 21 auction dates.
2026-01-29 16:33:14,386 - INFO - Will process 21 auction dates for Duval.
2026-01-29 16:33:14,386 - INFO - Processing auction date 1/21: 01/15/2025
2026-01-29 16:33:18,221 - INFO -    Page shows: Wednesday January 15, 2025
2026-01-29 16:33:18,512 - INFO -    Page 1 of 5
2026-01-29 16:33:18,554 - INFO -    -> Clicking Next Page (Inner)...
2026-01-29 16:33:19,813 - INFO -    Page 2 of 5
2026-01-29 16:33:19,899 - INFO -    -> Clicking Next Page (Inner)...
2026-01-29 16:33:21,132 - INFO -    Page 3 of 5
2026-01-29 16:33:21,175 - INFO -    -> Clicking Next Page (Inner)...
2026-01-29 16:33:22,550 - INFO -    Page 4 of 5
2026-01-29 16:33:22,640 - INFO -    -> Clicking Next Page (Inner)...
2026-01-29 16:33:23,924 - INFO -    Page 5 of 5
2026-01-29 16:33:23,924 - INFO - Processing auction date 2/21: 01/29/2025
2026-01-29 16:33:27,684 - INFO -    Page shows: Wednesday January 29, 2025
2026-01-29 16:33:27,860 - INFO -    Page 1 of 1
2026-01-29 16:33:27,861 - INFO - Processing auction date 3/21: 02/12/2025
2026-01-29 16:33:31,743 - INFO -    Page shows: Wednesday February 12, 2025
2026-01-29 16:33:31,930 - INFO -    Page 1 of 1
2026-01-29 16:33:31,930 - INFO - Processing auction date 4/21: 02/26/2025
2026-01-29 16:33:35,703 - INFO -    Page shows: Wednesday February 26, 2025
2026-01-29 16:33:35,898 - INFO -    Page 1 of 1
2026-01-29 16:33:35,898 - INFO - Processing auction date 5/21: 03/12/2025
2026-01-29 16:33:39,769 - INFO -    Page shows: Wednesday March 12, 2025
2026-01-29 16:33:39,960 - INFO -    Page 1 of 2
2026-01-29 16:33:40,033 - INFO -    -> Clicking Next Page (Inner)...
2026-01-29 16:33:41,343 - INFO -    Page 2 of 2
2026-01-29 16:33:41,344 - INFO - Processing auction date 6/21: 04/16/2025
2026-01-29 16:33:45,184 - INFO -    Page shows: Wednesday April 16, 2025
2026-01-29 16:33:45,392 - INFO -    Page 1 of 1
2026-01-29 16:33:45,394 - INFO - Processing auction date 7/21: 05/14/2025
2026-01-29 16:33:49,236 - INFO -    Page shows: Wednesday May 14, 2025
2026-01-29 16:33:49,509 - INFO -    Page 1 of 3
2026-01-29 16:33:49,602 - INFO -    -> Clicking Next Page (Inner)...
2026-01-29 16:33:50,930 - INFO -    Page 2 of 3
2026-01-29 16:33:50,998 - INFO -    -> Clicking Next Page (Inner)...
2026-01-29 16:33:52,322 - INFO -    Page 3 of 3
2026-01-29 16:33:52,323 - INFO - Processing auction date 8/21: 05/28/2025
2026-01-29 16:33:56,122 - INFO -    Page shows: Wednesday May 28, 2025
2026-01-29 16:33:56,268 - INFO -    Page 1 of 1
2026-01-29 16:33:56,268 - INFO - Processing auction date 9/21: 06/11/2025
2026-01-29 16:34:00,147 - INFO -    Page shows: Wednesday June 11, 2025
2026-01-29 16:34:00,410 - INFO -    Page 1 of 3
2026-01-29 16:34:00,460 - INFO -    -> Clicking Next Page (Inner)...
2026-01-29 16:34:01,835 - INFO -    Page 2 of 3
2026-01-29 16:34:01,906 - INFO -    -> Clicking Next Page (Inner)...
2026-01-29 16:34:03,208 - INFO -    Page 3 of 3
2026-01-29 16:34:03,209 - INFO - Processing auction date 10/21: 06/25/2025
2026-01-29 16:34:06,982 - INFO -    Page shows: Wednesday June 25, 2025
2026-01-29 16:34:07,112 - INFO -    Page 1 of 1
2026-01-29 16:34:07,113 - INFO - Processing auction date 11/21: 07/16/2025
2026-01-29 16:34:10,980 - INFO -    Page shows: Wednesday July 16, 2025
2026-01-29 16:34:11,247 - INFO -    Page 1 of 7
2026-01-29 16:34:11,302 - INFO -    -> Clicking Next Page (Inner)...
2026-01-29 16:34:12,567 - INFO -    Page 2 of 7
2026-01-29 16:34:12,622 - INFO -    -> Clicking Next Page (Inner)...
2026-01-29 16:34:13,997 - INFO -    Page 3 of 7
2026-01-29 16:34:14,050 - INFO -    -> Clicking Next Page (Inner)...
2026-01-29 16:34:15,343 - INFO -    Page 4 of 7
2026-01-29 16:34:15,422 - INFO -    -> Clicking Next Page (Inner)...
2026-01-29 16:34:16,841 - INFO -    Page 5 of 7
2026-01-29 16:34:16,896 - INFO -    -> Clicking Next Page (Inner)...
2026-01-29 16:34:18,204 - INFO -    Page 6 of 7
2026-01-29 16:34:18,294 - INFO -    -> Clicking Next Page (Inner)...
2026-01-29 16:34:19,508 - INFO -    Page 7 of 7
2026-01-29 16:34:19,509 - INFO - Processing auction date 12/21: 08/13/2025
2026-01-29 16:34:23,338 - INFO -    Page shows: Wednesday August 13, 2025
2026-01-29 16:34:23,594 - INFO -    Page 1 of 2
2026-01-29 16:34:23,678 - INFO -    -> Clicking Next Page (Inner)...
2026-01-29 16:34:24,939 - INFO -    Page 2 of 2
2026-01-29 16:34:24,940 - INFO - Processing auction date 13/21: 09/10/2025
2026-01-29 16:34:28,745 - INFO -    Page shows: Wednesday September 10, 2025
2026-01-29 16:34:28,937 - INFO -    Page 1 of 17
2026-01-29 16:34:29,016 - INFO -    -> Clicking Next Page (Inner)...
2026-01-29 16:34:30,355 - INFO -    Page 2 of 17
2026-01-29 16:34:30,422 - INFO -    -> Clicking Next Page (Inner)...
2026-01-29 16:34:31,725 - INFO -    Page 3 of 17
2026-01-29 16:34:31,814 - INFO -    -> Clicking Next Page (Inner)...
2026-01-29 16:34:33,137 - INFO -    Page 4 of 17
2026-01-29 16:34:33,193 - INFO -    -> Clicking Next Page (Inner)...
2026-01-29 16:34:34,483 - INFO -    Page 5 of 17
2026-01-29 16:34:34,544 - INFO -    -> Clicking Next Page (Inner)...
2026-01-29 16:34:35,901 - INFO -    Page 6 of 17
2026-01-29 16:34:35,962 - INFO -    -> Clicking Next Page (Inner)...
2026-01-29 16:34:37,225 - INFO -    Page 7 of 17
2026-01-29 16:34:37,317 - INFO -    -> Clicking Next Page (Inner)...
2026-01-29 16:34:38,609 - INFO -    Page 8 of 17
2026-01-29 16:34:38,669 - INFO -    -> Clicking Next Page (Inner)...
2026-01-29 16:34:39,975 - INFO -    Page 9 of 17
2026-01-29 16:34:40,092 - INFO -    -> Clicking Next Page (Inner)...
2026-01-29 16:34:41,397 - INFO -    Page 10 of 17
2026-01-29 16:34:41,459 - INFO -    -> Clicking Next Page (Inner)...
2026-01-29 16:34:42,816 - INFO -    Page 11 of 17
2026-01-29 16:34:42,882 - INFO -    -> Clicking Next Page (Inner)...
2026-01-29 16:34:44,158 - INFO -    Page 12 of 17
2026-01-29 16:34:44,258 - INFO -    -> Clicking Next Page (Inner)...
2026-01-29 16:34:45,677 - INFO -    Page 13 of 17
2026-01-29 16:34:45,743 - INFO -    -> Clicking Next Page (Inner)...
2026-01-29 16:34:47,050 - INFO -    Page 14 of 17
2026-01-29 16:34:47,145 - INFO -    -> Clicking Next Page (Inner)...
2026-01-29 16:34:48,499 - INFO -    Page 15 of 17
2026-01-29 16:34:48,567 - INFO -    -> Clicking Next Page (Inner)...
2026-01-29 16:34:49,852 - INFO -    Page 16 of 17
2026-01-29 16:34:49,931 - INFO -    -> Clicking Next Page (Inner)...
2026-01-29 16:34:51,272 - INFO -    Page 17 of 17
2026-01-29 16:34:51,273 - INFO - Processing auction date 14/21: 09/24/2025
2026-01-29 16:34:55,026 - INFO -    Page shows: Wednesday September 24, 2025
2026-01-29 16:34:55,165 - INFO -    Page 1 of 1
2026-01-29 16:34:55,165 - INFO - Processing auction date 15/21: 10/15/2025
2026-01-29 16:34:59,035 - INFO -    Page shows: Wednesday October 15, 2025
2026-01-29 16:34:59,283 - INFO -    Page 1 of 30
2026-01-29 16:34:59,346 - INFO -    -> Clicking Next Page (Inner)...
2026-01-29 16:35:00,676 - INFO -    Page 2 of 30
2026-01-29 16:35:00,764 - INFO -    -> Clicking Next Page (Inner)...
2026-01-29 16:35:02,123 - INFO -    Page 3 of 30
2026-01-29 16:35:02,190 - INFO -    -> Clicking Next Page (Inner)...
2026-01-29 16:35:03,536 - INFO -    Page 4 of 30
2026-01-29 16:35:03,619 - INFO -    -> Clicking Next Page (Inner)...
2026-01-29 16:35:04,998 - INFO -    Page 5 of 30
2026-01-29 16:35:05,065 - INFO -    -> Clicking Next Page (Inner)...
2026-01-29 16:35:06,390 - INFO -    Page 6 of 30
2026-01-29 16:35:06,488 - INFO -    -> Clicking Next Page (Inner)...
2026-01-29 16:35:07,835 - INFO -    Page 7 of 30
2026-01-29 16:35:07,891 - INFO -    -> Clicking Next Page (Inner)...
2026-01-29 16:35:09,317 - INFO -    Page 8 of 30
2026-01-29 16:35:09,382 - INFO -    -> Clicking Next Page (Inner)...
2026-01-29 16:35:10,741 - INFO -    Page 9 of 30
2026-01-29 16:35:10,801 - INFO -    -> Clicking Next Page (Inner)...
2026-01-29 16:35:12,151 - INFO -    Page 10 of 30
2026-01-29 16:35:12,234 - INFO -    -> Clicking Next Page (Inner)...
2026-01-29 16:35:13,519 - INFO -    Page 11 of 30
2026-01-29 16:35:13,579 - INFO -    -> Clicking Next Page (Inner)...
2026-01-29 16:35:14,870 - INFO -    Page 12 of 30
2026-01-29 16:35:14,952 - INFO -    -> Clicking Next Page (Inner)...
2026-01-29 16:35:16,245 - INFO -    Page 13 of 30
2026-01-29 16:35:16,330 - INFO -    -> Clicking Next Page (Inner)...
2026-01-29 16:35:17,681 - INFO -    Page 14 of 30
2026-01-29 16:35:17,746 - INFO -    -> Clicking Next Page (Inner)...
2026-01-29 16:35:19,016 - INFO -    Page 15 of 30
2026-01-29 16:35:19,131 - INFO -    -> Clicking Next Page (Inner)...
2026-01-29 16:35:20,525 - INFO -    Page 16 of 30
2026-01-29 16:35:20,589 - INFO -    -> Clicking Next Page (Inner)...
2026-01-29 16:35:21,869 - INFO -    Page 17 of 30
2026-01-29 16:35:21,949 - INFO -    -> Clicking Next Page (Inner)...
2026-01-29 16:35:23,327 - INFO -    Page 18 of 30
2026-01-29 16:35:23,394 - INFO -    -> Clicking Next Page (Inner)...
2026-01-29 16:35:24,683 - INFO -    Page 19 of 30
2026-01-29 16:35:24,736 - INFO -    -> Clicking Next Page (Inner)...
2026-01-29 16:35:26,170 - INFO -    Page 20 of 30
2026-01-29 16:35:26,217 - INFO -    -> Clicking Next Page (Inner)...
2026-01-29 16:35:30,634 - INFO -    Page 21 of 30
2026-01-29 16:35:30,678 - INFO -    -> Clicking Next Page (Inner)...
2026-01-29 16:35:35,697 - INFO -    Page 22 of 30
2026-01-29 16:35:35,785 - INFO -    -> Clicking Next Page (Inner)...
2026-01-29 16:35:40,764 - INFO -    Page 23 of 30
2026-01-29 16:35:40,849 - INFO -    -> Clicking Next Page (Inner)...
2026-01-29 16:35:45,796 - INFO -    Page 24 of 30
2026-01-29 16:35:45,856 - INFO -    -> Clicking Next Page (Inner)...
2026-01-29 16:35:50,717 - INFO -    Page 25 of 30
2026-01-29 16:35:50,813 - INFO -    -> Clicking Next Page (Inner)...
2026-01-29 16:35:55,475 - INFO -    Page 26 of 30
2026-01-29 16:35:55,533 - INFO -    -> Clicking Next Page (Inner)...
2026-01-29 16:36:00,398 - INFO -    Page 27 of 30
2026-01-29 16:36:00,450 - INFO -    -> Clicking Next Page (Inner)...
2026-01-29 16:36:05,809 - INFO -    Page 28 of 30
2026-01-29 16:36:05,848 - INFO -    -> Clicking Next Page (Inner)...
2026-01-29 16:36:10,676 - INFO -    Page 29 of 30
2026-01-29 16:36:10,729 - INFO -    -> Clicking Next Page (Inner)...
2026-01-29 16:36:15,569 - INFO -    Page 30 of 30
2026-01-29 16:36:15,570 - INFO - Processing auction date 16/21: 10/29/2025
2026-01-29 16:36:19,380 - INFO -    Page shows: Wednesday October 29, 2025
2026-01-29 16:36:19,523 - INFO -    Page 1 of 1
2026-01-29 16:36:19,524 - INFO - Processing auction date 17/21: 01/14/2026
2026-01-29 16:36:23,398 - INFO -    Page shows: Wednesday January 14, 2026
2026-01-29 16:36:23,545 - INFO -    Page 1 of 11
2026-01-29 16:36:23,592 - INFO -    -> Clicking Next Page (Inner)...
2026-01-29 16:36:28,338 - INFO -    Page 2 of 11
2026-01-29 16:36:28,396 - INFO -    -> Clicking Next Page (Inner)...
2026-01-29 16:36:33,676 - INFO -    Page 3 of 11
2026-01-29 16:36:33,725 - INFO -    -> Clicking Next Page (Inner)...
2026-01-29 16:36:38,556 - INFO -    Page 4 of 11
2026-01-29 16:36:38,611 - INFO -    -> Clicking Next Page (Inner)...
2026-01-29 16:36:43,391 - INFO -    Page 5 of 11
2026-01-29 16:36:43,449 - INFO -    -> Clicking Next Page (Inner)...
2026-01-29 16:36:48,329 - INFO -    Page 6 of 11
2026-01-29 16:36:48,384 - INFO -    -> Clicking Next Page (Inner)...
2026-01-29 16:36:53,861 - INFO -    Page 7 of 11
2026-01-29 16:36:53,931 - INFO -    -> Clicking Next Page (Inner)...
2026-01-29 16:36:58,766 - INFO -    Page 8 of 11
2026-01-29 16:36:58,812 - INFO -    -> Clicking Next Page (Inner)...
2026-01-29 16:37:03,617 - INFO -    Page 9 of 11
2026-01-29 16:37:03,661 - INFO -    -> Clicking Next Page (Inner)...
2026-01-29 16:37:08,459 - INFO -    Page 10 of 11
2026-01-29 16:37:08,505 - INFO -    -> Clicking Next Page (Inner)...
2026-01-29 16:37:13,688 - INFO -    Page 11 of 11
2026-01-29 16:37:13,688 - INFO - Processing auction date 18/21: 01/28/2026
2026-01-29 16:37:17,461 - INFO -    Page shows: Wednesday January 28, 2026
2026-01-29 16:37:17,599 - INFO -    Page 1 of 1
2026-01-29 16:37:17,599 - INFO - Processing auction date 19/21: 02/11/2026
2026-01-29 16:37:17,599 - INFO -    Skipping 02/11/2026 - future date, cannot have sold auctions.
2026-01-29 16:37:17,600 - INFO - Processing auction date 20/21: 03/11/2026
2026-01-29 16:37:17,600 - INFO -    Skipping 03/11/2026 - future date, cannot have sold auctions.
2026-01-29 16:37:17,601 - INFO - Processing auction date 21/21: 04/15/2026
2026-01-29 16:37:17,601 - INFO -    Skipping 04/15/2026 - future date, cannot have sold auctions.
2026-01-29 16:37:17,601 - INFO - 
==================================================
2026-01-29 16:37:17,602 - INFO - Processing County: Nassau
2026-01-29 16:37:17,602 - INFO - ==================================================
2026-01-29 16:37:17,603 - INFO - Navigating to calendar page...
2026-01-29 16:37:21,353 - INFO - Scanning calendar: January 2025
2026-01-29 16:37:25,384 - INFO -    -> Clicking Next Month... (attempt 1/3)
2026-01-29 16:37:26,580 - INFO - Scanning calendar: February 2025
2026-01-29 16:37:30,711 - INFO -    -> Clicking Next Month... (attempt 1/3)
2026-01-29 16:37:31,823 - INFO - Scanning calendar: March 2025
2026-01-29 16:37:31,861 - INFO -    Found auction date: 03/18/2025
2026-01-29 16:37:31,863 - INFO -    Found auction date: 03/25/2025
2026-01-29 16:37:32,407 - INFO -    -> Clicking Next Month... (attempt 1/3)
2026-01-29 16:37:33,562 - INFO - Scanning calendar: April 2025
2026-01-29 16:37:37,457 - INFO -    -> Clicking Next Month... (attempt 1/3)
2026-01-29 16:37:38,548 - INFO - Scanning calendar: May 2025
2026-01-29 16:37:42,562 - INFO -    -> Clicking Next Month... (attempt 1/3)
2026-01-29 16:37:43,668 - INFO - Scanning calendar: June 2025
2026-01-29 16:37:47,585 - INFO -    -> Clicking Next Month... (attempt 1/3)
2026-01-29 16:37:48,746 - INFO - Scanning calendar: July 2025
2026-01-29 16:37:52,816 - INFO -    -> Clicking Next Month... (attempt 1/3)
2026-01-29 16:37:53,982 - INFO - Scanning calendar: August 2025
2026-01-29 16:37:54,019 - INFO -    Found auction date: 08/12/2025
2026-01-29 16:37:54,023 - INFO -    Found auction date: 08/19/2025
2026-01-29 16:37:54,024 - INFO -    Found auction date: 08/26/2025
2026-01-29 16:37:54,568 - INFO -    -> Clicking Next Month... (attempt 1/3)
2026-01-29 16:37:55,794 - INFO - Scanning calendar: September 2025
2026-01-29 16:37:55,844 - INFO -    Found auction date: 09/09/2025
2026-01-29 16:37:55,849 - INFO -    Found auction date: 09/16/2025
2026-01-29 16:37:55,854 - INFO -    Found auction date: 09/23/2025
2026-01-29 16:37:55,856 - INFO -    Found auction date: 09/30/2025
2026-01-29 16:37:56,405 - INFO -    -> Clicking Next Month... (attempt 1/3)
2026-01-29 16:37:57,527 - INFO - Scanning calendar: October 2025
2026-01-29 16:37:57,565 - INFO -    Found auction date: 10/07/2025
2026-01-29 16:37:58,101 - INFO -    -> Clicking Next Month... (attempt 1/3)
2026-01-29 16:37:59,218 - INFO - Scanning calendar: November 2025
2026-01-29 16:38:03,199 - INFO -    -> Clicking Next Month... (attempt 1/3)
2026-01-29 16:38:04,361 - INFO - Scanning calendar: December 2025
2026-01-29 16:38:04,404 - INFO -    Found auction date: 12/16/2025
2026-01-29 16:38:04,952 - INFO -    -> Clicking Next Month... (attempt 1/3)
2026-01-29 16:38:06,149 - INFO - Scanning calendar: January 2026
2026-01-29 16:38:06,183 - INFO -    Found auction date: 01/06/2026
2026-01-29 16:38:06,720 - INFO -    -> Clicking Next Month... (attempt 1/3)
2026-01-29 16:38:07,935 - INFO - Scanning calendar: February 2026
2026-01-29 16:38:11,477 - INFO - No auction days found and calendar (February 2026) is beyond current month. Stopping calendar scan.
2026-01-29 16:38:11,478 - INFO - Calendar scan complete. Found 12 auction dates.
2026-01-29 16:38:11,478 - INFO - Will process 12 auction dates for Nassau.
2026-01-29 16:38:11,479 - INFO - Processing auction date 1/12: 03/18/2025
2026-01-29 16:38:15,280 - INFO -    Page shows: Tuesday March 18, 2025
2026-01-29 16:38:15,417 - INFO -    Page 1 of 1
2026-01-29 16:38:15,418 - INFO - Processing auction date 2/12: 03/25/2025
2026-01-29 16:38:19,196 - INFO -    Page shows: Tuesday March 25, 2025
2026-01-29 16:38:19,303 - INFO -    Page 1 of 1
2026-01-29 16:38:19,304 - INFO - Processing auction date 3/12: 08/12/2025
2026-01-29 16:38:23,123 - INFO -    Page shows: Tuesday August 12, 2025
2026-01-29 16:38:23,240 - INFO -    Page 1 of 1
2026-01-29 16:38:23,240 - INFO - Processing auction date 4/12: 08/19/2025
2026-01-29 16:38:27,034 - INFO -    Page shows: Tuesday August 19, 2025
2026-01-29 16:38:27,173 - INFO -    Page 1 of 1
2026-01-29 16:38:27,173 - INFO - Processing auction date 5/12: 08/26/2025
2026-01-29 16:38:30,930 - INFO -    Page shows: Tuesday August 26, 2025
2026-01-29 16:38:31,080 - INFO -    Page 1 of 1
2026-01-29 16:38:31,080 - INFO - Processing auction date 6/12: 09/09/2025
2026-01-29 16:38:34,972 - INFO -    Page shows: Tuesday September 9, 2025
2026-01-29 16:38:35,148 - INFO -    Page 1 of 1
2026-01-29 16:38:35,149 - INFO - Processing auction date 7/12: 09/16/2025
2026-01-29 16:38:38,897 - INFO -    Page shows: Tuesday September 16, 2025
2026-01-29 16:38:39,016 - INFO -    Page 1 of 1
2026-01-29 16:38:39,017 - INFO - Processing auction date 8/12: 09/23/2025
2026-01-29 16:38:42,845 - INFO -    Page shows: Tuesday September 23, 2025
2026-01-29 16:38:43,001 - INFO -    Page 1 of 1
2026-01-29 16:38:43,001 - INFO - Processing auction date 9/12: 09/30/2025
2026-01-29 16:38:46,861 - INFO -    Page shows: Tuesday September 30, 2025
2026-01-29 16:38:46,995 - INFO -    Page 1 of 1
2026-01-29 16:38:46,995 - INFO - Processing auction date 10/12: 10/07/2025
2026-01-29 16:38:50,754 - INFO -    Page shows: Tuesday October 7, 2025
2026-01-29 16:38:50,927 - INFO -    Page 1 of 1
2026-01-29 16:38:50,928 - INFO - Processing auction date 11/12: 12/16/2025
2026-01-29 16:38:54,698 - INFO -    Page shows: Tuesday December 16, 2025
2026-01-29 16:38:54,799 - INFO -    Page 1 of 1
2026-01-29 16:38:54,799 - INFO - Processing auction date 12/12: 01/06/2026
2026-01-29 16:38:58,610 - INFO -    Page shows: Tuesday January 6, 2026
2026-01-29 16:38:58,792 - INFO -    Page 1 of 1
2026-01-29 16:38:58,793 - INFO - 
==================================================
2026-01-29 16:38:58,794 - INFO - Processing County: Clay
2026-01-29 16:38:58,794 - INFO - ==================================================
2026-01-29 16:38:58,794 - INFO - Navigating to calendar page...
2026-01-29 16:39:02,543 - INFO - Scanning calendar: January 2025
2026-01-29 16:39:02,625 - INFO -    Found auction date: 01/15/2025
2026-01-29 16:39:03,200 - INFO -    -> Clicking Next Month... (attempt 1/3)
2026-01-29 16:39:04,386 - INFO - Scanning calendar: February 2025
2026-01-29 16:39:04,439 - INFO -    Found auction date: 02/26/2025
2026-01-29 16:39:04,995 - INFO -    -> Clicking Next Month... (attempt 1/3)
2026-01-29 16:39:06,120 - INFO - Scanning calendar: March 2025
2026-01-29 16:39:10,056 - INFO -    -> Clicking Next Month... (attempt 1/3)
2026-01-29 16:39:11,211 - INFO - Scanning calendar: April 2025
2026-01-29 16:39:11,248 - INFO -    Found auction date: 04/09/2025
2026-01-29 16:39:11,855 - INFO -    -> Clicking Next Month... (attempt 1/3)
2026-01-29 16:39:12,964 - INFO - Scanning calendar: May 2025
2026-01-29 16:39:16,878 - INFO -    -> Clicking Next Month... (attempt 1/3)
2026-01-29 16:39:18,068 - INFO - Scanning calendar: June 2025
2026-01-29 16:39:18,118 - INFO -    Found auction date: 06/25/2025
2026-01-29 16:39:18,675 - INFO -    -> Clicking Next Month... (attempt 1/3)
2026-01-29 16:39:19,870 - INFO - Scanning calendar: July 2025
2026-01-29 16:39:19,921 - INFO -    Found auction date: 07/09/2025
2026-01-29 16:39:19,924 - INFO -    Found auction date: 07/23/2025
2026-01-29 16:39:20,467 - INFO -    -> Clicking Next Month... (attempt 1/3)
2026-01-29 16:39:21,644 - INFO - Scanning calendar: August 2025
2026-01-29 16:39:21,678 - INFO -    Found auction date: 08/06/2025
2026-01-29 16:39:21,681 - INFO -    Found auction date: 08/20/2025
2026-01-29 16:39:22,232 - INFO -    -> Clicking Next Month... (attempt 1/3)
2026-01-29 16:39:23,319 - INFO - Scanning calendar: September 2025
2026-01-29 16:39:23,346 - INFO -    Found auction date: 09/03/2025
2026-01-29 16:39:23,348 - INFO -    Found auction date: 09/17/2025
2026-01-29 16:39:23,891 - INFO -    -> Clicking Next Month... (attempt 1/3)
2026-01-29 16:39:25,109 - INFO - Scanning calendar: October 2025
2026-01-29 16:39:25,131 - INFO -    Found auction date: 10/01/2025
2026-01-29 16:39:25,671 - INFO -    -> Clicking Next Month... (attempt 1/3)
2026-01-29 16:39:26,826 - INFO - Scanning calendar: November 2025
2026-01-29 16:39:26,857 - INFO -    Found auction date: 11/05/2025
2026-01-29 16:39:26,860 - INFO -    Found auction date: 11/19/2025
2026-01-29 16:39:27,403 - INFO -    -> Clicking Next Month... (attempt 1/3)
2026-01-29 16:39:28,566 - INFO - Scanning calendar: December 2025
2026-01-29 16:39:28,598 - INFO -    Found auction date: 12/03/2025
2026-01-29 16:39:28,601 - INFO -    Found auction date: 12/17/2025
2026-01-29 16:39:29,132 - INFO -    -> Clicking Next Month... (attempt 1/3)
2026-01-29 16:39:30,237 - INFO - Scanning calendar: January 2026
2026-01-29 16:39:30,271 - INFO -    Found auction date: 01/14/2026
2026-01-29 16:39:30,274 - INFO -    Found auction date: 01/28/2026
2026-01-29 16:39:30,816 - INFO -    -> Clicking Next Month... (attempt 1/3)
2026-01-29 16:39:31,893 - INFO - Scanning calendar: February 2026
2026-01-29 16:39:31,922 - INFO -    Found auction date: 02/11/2026
2026-01-29 16:39:31,925 - INFO -    Found auction date: 02/25/2026
2026-01-29 16:39:32,447 - INFO -    -> Clicking Next Month... (attempt 1/3)
2026-01-29 16:39:33,526 - INFO - Scanning calendar: March 2026
2026-01-29 16:39:37,022 - INFO - No auction days found and calendar (March 2026) is beyond current month. Stopping calendar scan.
2026-01-29 16:39:37,023 - INFO - Calendar scan complete. Found 19 auction dates.
2026-01-29 16:39:37,024 - INFO - Will process 19 auction dates for Clay.
2026-01-29 16:39:37,024 - INFO - Processing auction date 1/19: 01/15/2025
2026-01-29 16:39:40,957 - INFO -    Page shows: Wednesday January 15, 2025
2026-01-29 16:39:41,109 - INFO -    Page 1 of 1
2026-01-29 16:39:41,110 - INFO - Processing auction date 2/19: 02/26/2025
2026-01-29 16:39:44,878 - INFO -    Page shows: Wednesday February 26, 2025
2026-01-29 16:39:45,049 - INFO -    Page 1 of 1
2026-01-29 16:39:45,050 - INFO - Processing auction date 3/19: 04/09/2025
2026-01-29 16:39:48,855 - INFO -    Page shows: Wednesday April 9, 2025
2026-01-29 16:39:49,014 - INFO -    Page 1 of 1
2026-01-29 16:39:49,014 - INFO - Processing auction date 4/19: 06/25/2025
2026-01-29 16:39:52,999 - INFO -    Page shows: Wednesday June 25, 2025
2026-01-29 16:39:53,186 - INFO -    Page 1 of 1
2026-01-29 16:39:53,186 - INFO - Processing auction date 5/19: 07/09/2025
2026-01-29 16:39:56,948 - INFO -    Page shows: Wednesday July 9, 2025
2026-01-29 16:39:57,068 - INFO -    Page 1 of 1
2026-01-29 16:39:57,068 - INFO - Processing auction date 6/19: 07/23/2025
2026-01-29 16:40:00,955 - INFO -    Page shows: Wednesday July 23, 2025
2026-01-29 16:40:01,075 - INFO -    Page 1 of 1
2026-01-29 16:40:01,075 - INFO - Processing auction date 7/19: 08/06/2025
2026-01-29 16:40:04,967 - INFO -    Page shows: Wednesday August 6, 2025
2026-01-29 16:40:05,156 - INFO -    Page 1 of 1
2026-01-29 16:40:05,156 - INFO - Processing auction date 8/19: 08/20/2025
2026-01-29 16:40:08,896 - INFO -    Page shows: Wednesday August 20, 2025
2026-01-29 16:40:09,052 - INFO -    Page 1 of 1
2026-01-29 16:40:09,052 - INFO - Processing auction date 9/19: 09/03/2025
2026-01-29 16:40:13,107 - INFO -    Page shows: Wednesday September 3, 2025
2026-01-29 16:40:13,373 - INFO -    Page 1 of 1
2026-01-29 16:40:13,374 - INFO - Processing auction date 10/19: 09/17/2025
2026-01-29 16:40:17,169 - INFO -    Page shows: Wednesday September 17, 2025
2026-01-29 16:40:17,325 - INFO -    Page 1 of 1
2026-01-29 16:40:17,326 - INFO - Processing auction date 11/19: 10/01/2025
2026-01-29 16:40:21,195 - INFO -    Page shows: Wednesday October 1, 2025
2026-01-29 16:40:21,395 - INFO -    Page 1 of 1
2026-01-29 16:40:21,395 - INFO - Processing auction date 12/19: 11/05/2025
2026-01-29 16:40:25,232 - INFO -    Page shows: Wednesday November 5, 2025
2026-01-29 16:40:25,411 - INFO -    Page 1 of 1
2026-01-29 16:40:25,412 - INFO - Processing auction date 13/19: 11/19/2025
2026-01-29 16:40:29,246 - INFO -    Page shows: Wednesday November 19, 2025
2026-01-29 16:40:29,417 - INFO -    Page 1 of 1
2026-01-29 16:40:29,418 - INFO - Processing auction date 14/19: 12/03/2025
2026-01-29 16:40:33,248 - INFO -    Page shows: Wednesday December 3, 2025
2026-01-29 16:40:33,484 - INFO -    Page 1 of 1
2026-01-29 16:40:33,485 - INFO - Processing auction date 15/19: 12/17/2025
2026-01-29 16:40:37,289 - INFO -    Page shows: Wednesday December 17, 2025
2026-01-29 16:40:37,452 - INFO -    Page 1 of 1
2026-01-29 16:40:37,452 - INFO - Processing auction date 16/19: 01/14/2026
2026-01-29 16:40:41,286 - INFO -    Page shows: Wednesday January 14, 2026
2026-01-29 16:40:41,472 - INFO -    Page 1 of 1
2026-01-29 16:40:41,473 - INFO - Processing auction date 17/19: 01/28/2026
2026-01-29 16:40:45,336 - INFO -    Page shows: Wednesday January 28, 2026
2026-01-29 16:40:45,510 - INFO -    Page 1 of 1
2026-01-29 16:40:45,511 - INFO - Processing auction date 18/19: 02/11/2026
2026-01-29 16:40:45,511 - INFO -    Skipping 02/11/2026 - future date, cannot have sold auctions.
2026-01-29 16:40:45,512 - INFO - Processing auction date 19/19: 02/25/2026
2026-01-29 16:40:45,512 - INFO -    Skipping 02/25/2026 - future date, cannot have sold auctions.
2026-01-29 16:40:45,513 - INFO - 
==================================================
2026-01-29 16:40:45,513 - INFO - Processing County: Baker
2026-01-29 16:40:45,514 - INFO - ==================================================
2026-01-29 16:40:45,514 - INFO - Navigating to calendar page...
2026-01-29 16:40:49,200 - INFO - Scanning calendar: January 2025
2026-01-29 16:40:49,247 - INFO -    Found auction date: 01/30/2025
2026-01-29 16:40:49,808 - INFO -    -> Clicking Next Month... (attempt 1/3)
2026-01-29 16:40:51,026 - INFO - Scanning calendar: February 2025
2026-01-29 16:40:55,154 - INFO -    -> Clicking Next Month... (attempt 1/3)
2026-01-29 16:40:56,404 - INFO - Scanning calendar: March 2025
2026-01-29 16:41:00,573 - INFO -    -> Clicking Next Month... (attempt 1/3)
2026-01-29 16:41:01,719 - INFO - Scanning calendar: April 2025
2026-01-29 16:41:05,900 - INFO -    -> Clicking Next Month... (attempt 1/3)
2026-01-29 16:41:07,109 - INFO - Scanning calendar: May 2025
2026-01-29 16:41:11,187 - INFO -    -> Clicking Next Month... (attempt 1/3)
2026-01-29 16:41:12,426 - INFO - Scanning calendar: June 2025
2026-01-29 16:41:16,470 - INFO -    -> Clicking Next Month... (attempt 1/3)
2026-01-29 16:41:17,628 - INFO - Scanning calendar: July 2025
2026-01-29 16:41:21,577 - INFO -    -> Clicking Next Month... (attempt 1/3)
2026-01-29 16:41:22,671 - INFO - Scanning calendar: August 2025
2026-01-29 16:41:26,585 - INFO -    -> Clicking Next Month... (attempt 1/3)
2026-01-29 16:41:27,676 - INFO - Scanning calendar: September 2025
2026-01-29 16:41:31,599 - INFO -    -> Clicking Next Month... (attempt 1/3)
2026-01-29 16:41:32,770 - INFO - Scanning calendar: October 2025
2026-01-29 16:41:36,704 - INFO -    -> Clicking Next Month... (attempt 1/3)
2026-01-29 16:41:37,860 - INFO - Scanning calendar: November 2025
2026-01-29 16:41:42,013 - INFO -    -> Clicking Next Month... (attempt 1/3)
2026-01-29 16:41:43,107 - INFO - Scanning calendar: December 2025
2026-01-29 16:41:43,137 - INFO -    Found auction date: 12/11/2025
2026-01-29 16:41:43,672 - INFO -    -> Clicking Next Month... (attempt 1/3)
2026-01-29 16:41:44,889 - INFO - Scanning calendar: January 2026
2026-01-29 16:41:44,925 - INFO -    Found auction date: 01/08/2026
2026-01-29 16:41:45,469 - INFO -    -> Clicking Next Month... (attempt 1/3)
2026-01-29 16:41:46,605 - INFO - Scanning calendar: February 2026
2026-01-29 16:41:50,088 - INFO - No auction days found and calendar (February 2026) is beyond current month. Stopping calendar scan.
2026-01-29 16:41:50,089 - INFO - Calendar scan complete. Found 3 auction dates.
2026-01-29 16:41:50,089 - INFO - Will process 3 auction dates for Baker.
2026-01-29 16:41:50,090 - INFO - Processing auction date 1/3: 01/30/2025
2026-01-29 16:41:53,912 - INFO -    Page shows: Thursday January 30, 2025
2026-01-29 16:41:54,075 - INFO -    Page 1 of 1
2026-01-29 16:41:54,076 - INFO - Processing auction date 2/3: 12/11/2025
2026-01-29 16:41:57,839 - INFO -    Page shows: Thursday December 11, 2025
2026-01-29 16:41:57,989 - INFO -    Page 1 of 1
2026-01-29 16:41:57,990 - INFO - Processing auction date 3/3: 01/08/2026
2026-01-29 16:42:01,783 - INFO -    Page shows: Thursday January 8, 2026
2026-01-29 16:42:01,936 - INFO -    Page 1 of 1
2026-01-29 16:42:01,936 - INFO - Scraping complete!
2026-01-29 16:42:01,943 - INFO - terminated browser with pid 26776 successfully
2026-01-29 16:42:02,164 - INFO - terminated browser with pid 26776 successfully
